Microsoft (R) Help Compiler
HCRTF 4.03.0002
Copyright (c) Microsoft Corp 1990 - 1995. All rights reserved.
kozel.hpj
    HC3037: Warning: e:\Programming\C++\MyProgramm\Kozel\hlp\Kozel.hm : 
	The map value for "HID_GAME_SPID" is the same as the map value for "HID_MessageDoc".
    HC3037: Warning: e:\Programming\C++\MyProgramm\Kozel\hlp\Kozel.hm : 
	The map value for "HID_UBRAT" is the same as the map value for "HID_FILE_MRU_FILE1".
    HC3037: Warning: e:\Programming\C++\MyProgramm\Kozel\hlp\Kozel.hm : 
	The map value for "HIDR_KozelTYPE" is the same as the map value for "HIDR_EXKozelTYPE".
    HC3037: Warning: e:\Programming\C++\MyProgramm\Kozel\hlp\Kozel.hm : 
	The map value for "HIDD_DLG_OBLOGKI" is the same as the map value for "HIDD_DIALOG1".
    HC1010: Note: 
	The following mapped Topic IDs were not used in any topic:
	AFX_HIDP_UNREG_DONE
	HID_MUZIK
	HID_WINDOW_CASCADE
	AFX_HIDD_NEWTYPEDLG
	HID_SC_NEXTWINDOW
	HID_WINDOW_TILE_HORZ
	HID_WINDOW_TILE_VERT
	AFX_HIDP_GET_NOT_SUPPORTED
	HID_HT_OBJECT
	AFX_HIDD_FILEOPEN
	AFX_HIDD_FILESAVE
	AFX_HIDP_SQL_BOOKMARKS_NOT_ENABLED
	HID_EDIT_REPEAT
	HID_GAME_SPID_1
	HID_GAME_SPID_2
	HID_GAME_SPID_3
	HID_GAME_SPID_4
	HID_SC_CLOSE
	HID_FILE_PRINT_PREVIEW
	HID_IGROK_BIEOT
	HID_SC_RESTORE
	AFX_HIDD_PRINTDLG
	HID_RECORD_FIRST
	HID_EDIT_SELECT_ALL
	HID_EDIT_CLEAR
	HID_FILE_UPDATE
	HID_EDIT_PASTE
	AFX_HIDW_RESIZE_BAR
	AFX_HIDP_SQL_NO_DATA_FOUND
	AFX_HIDP_SQL_EMPTY_COLUMN_LIST
	HID_FILE_SEND_MAIL
	AFX_HIDP_SQL_ODBC_LOAD_FAILED
	AFX_HIDP_FAILED_TO_CREATE
	AFX_HIDD_BUSY
	AFX_HIDD_FIND
	AFX_HIDD_FONT
	AFX_HIDP_ARCH_NONE
	HID_RECORD_LAST
	HID_RECORD_NEXT
	HID_RECORD_PREV
	HID_EDIT_COPY
	HID_EDIT_FIND
	HID_EDIT_REDO
	HID_EDIT_UNDO
	AFX_HIDD_OBJECTPROPERTIES
	HID_172
	AFX_HIDP_UNREG_FAILURE
	AFX_HIDP_SQL_BOOKMARKS_NOT_SUPPORTED
	AFX_HIDP_FILE_TOO_MANY_OPEN
	AFX_HIDP_SQL_FIELD_NOT_FOUND
	AFX_HIDP_FILE_ACCESS_DENIED
	HIDD_DIALOG1
	HIDD_DIALOG2
	HID_FILE_SAVE_COPY_AS
	AFX_HIDD_CONVERT
	HID_SC_PREVWINDOW
	AFX_HIDP_ASK_TO_DISCARD
	AFX_HIDP_SQL_FIELD_SCHEMA_MISMATCH
	AFX_HIDP_SQL_LOCK_MODE_NOT_SUPPORTED
	HID_FORMAT_FONT
	AFX_HIDP_FILE_HARD_IO
	AFX_HIDD_CHANGESOURCE
	HID_HT_NOWHERE
	AFX_HIDP_FILE_NOT_FOUND
	AFX_HIDW_DOCKBAR_TOP
	HID_SC_TASKLIST
	AFX_HIDP_DAO_DFX_BIND
	AFX_HIDW_TOOLBAR
	AFX_HIDP_SQL_ODBC_V2_REQUIRED
	HID_COMP_BIET
	AFX_HIDP_SQL_NO_ROWS_AFFECTED
	HID_HELP_INDEX
	HID_OLE_EDIT_CONVERT
	HID_HELP_USING
	AFX_HIDP_SQL_SQL_CONFORMANCE
	AFX_HIDD_INSERTOBJECT
	HID_Menu
	AFX_HIDP_SQL_RECORDSET_READONLY
	HID_RAZDAT
	AFX_HIDP_PARSE_RADIO_BUTTON
	HID_SBROSIT
	HID_EDIT_PASTE_SPECIAL
	AFX_HIDP_DAO_ROWTOOSHORT
	HID_SC_MOVE
	HID_SC_SIZE
	HID_SXODIT
	AFX_HIDP_SQL_INCORRECT_ODBC
	AFX_HIDP_NO_ERROR_AVAILABLE
	HID_SC_MAXIMIZE
	HID_PREV_PANE
	AFX_HIDP_FILE_DIR_FULL
	AFX_HIDP_DAO_BADBINDINFO
	AFX_HIDP_SQL_UPDATE_DELETE_FAILED
	AFX_HIDP_PARSE_DATETIME
	HID_VIEW_TOOLBAR
	HID_OLE_EDIT_CHANGE_ICON
	AFX_HIDP_ARCH_ENDOFFILE
	AFX_HIDP_SQL_SQL_NO_TOTAL
	AFX_HIDP_SQL_CONNECT_FAIL
	HID_UDARIT
	AFX_HIDW_STATUS_BAR
	AFX_HIDP_SQL_API_CONFORMANCE
	HID_OLE_EDIT_PROPERTIES
	AFX_HIDP_FILE_DISKFULL
	HID_FILE_SAVE_AS
	HID_FILE_PAGE_SETUP
	HID_OBLOGKI
	AFX_HIDP_FILE_REMOVE_CURRENT
	AFX_HIDP_ARCH_BADCLASS
	AFX_HIDP_SQL_NO_POSITIONED_UPDATES
	HID_OLE_VERB_1
	HID_OLE_VERB_1
	HID_OLE_VERB_1
	HID_OLE_VERB_1
	HID_OLE_VERB_1
	HID_OLE_VERB_1
	HID_OLE_VERB_1
	HID_OLE_VERB_1
	HID_OLE_VERB_1
	HID_OLE_VERB_1
	HID_OLE_VERB_1
	HID_OLE_VERB_1
	HID_OLE_VERB_1
	HID_OLE_VERB_1
	HID_OLE_VERB_1
	HID_OLE_VERB_1
	AFX_HIDP_ARCH_BADINDEX
	HID_COMP_XODIT
	HID_WIZBACK
	HID_WIZNEXT
	HID_WINDOW_SPLIT
	AFX_HIDP_PARSE_CURRENCY
	AFX_HIDP_FILE_NONE
	AFX_HIDW_PREVIEW_BAR
	HID_FILE_PRINT_SETUP
	AFX_HIDP_FAILED_TO_CONVERT
	HID_HELP_FINDER
	HIDR_MENU1
	AFX_HIDP_FILE_EOF
	HIDR_WAVE1
	HID_HT_CAPTION
	AFX_HIDP_FILE_LOCKING
	AFX_HIDP_SQL_ILLEGAL_MODE
	AFX_HIDD_PREVIEW_TOOLBAR
	HID_WINDOW_ARRANGE
	AFX_HIDP_SQL_NO_CURRENT_RECORD
	AFX_HIDP_FILE_BAD_PATH
	AFX_HIDP_FILE_BAD_SEEK
	HIDR_EXKozelTYPE
	AFX_HIDP_SQL_ROW_UPDATE_NOT_SUPPORTED
	HID_APP_ABOUT
	HIDR_TOOLBAR1
	AFX_HIDP_FAILED_MAPI_LOAD
	AFX_HIDP_FAILED_MAPI_SEND
	HID_EDIT_REPLACE
	HID_APP_EXIT
	AFX_HIDP_FILE_SHARING
	HID_FILE_NEW
	HID_FILE_PRINT_DIRECT
	HID_FILE_CLOSE
	HID_FILE_MRU_FILE1
	HID_FILE_MRU_FILE1
	HID_FILE_MRU_FILE1
	HID_FILE_MRU_FILE1
	HID_FILE_MRU_FILE1
	HID_FILE_MRU_FILE1
	HID_FILE_MRU_FILE1
	HID_FILE_MRU_FILE1
	HID_FILE_MRU_FILE1
	HID_FILE_MRU_FILE1
	HID_FILE_MRU_FILE1
	HID_FILE_MRU_FILE1
	HID_FILE_MRU_FILE1
	HID_FILE_MRU_FILE1
	HID_FILE_MRU_FILE1
	HID_FILE_MRU_FILE1
	HID_MessageDoc
	HID_FILE_PRINT
	AFX_HIDP_DLL_LOAD_FAILED
	AFX_HIDP_SQL_DYNASET_NOT_SUPPORTED
	AFX_HIDD_PRINTSETUP
	AFX_HIDP_SQL_ROW_FETCH
	HID_VIEW_STATUS_BAR
	AFX_HIDP_SET_NOT_SUPPORTED
	AFX_HIDD_CHANGEICON
	AFX_HIDP_DLL_BAD_VERSION
	AFX_HIDP_ARCH_BADSCHEMA
	AFX_HIDD_FILEBROWSE
	HID_WINDOW_ALL
	HID_WINDOW_NEW
	HID_CONTEXT_HELP
	AFX_HIDD_EDITLINKS
	AFX_HIDP_SQL_DATA_TRUNCATED
	HID_HT_HELP
	HID_WIZFINISH
	AFX_HIDP_INVALID_MAPI_DLL
	HID_INDICATOR_PROIG
	AFX_HIDD_PREVIEW_SHORTTOOLBAR
	AFX_HIDP_DAO_OBJECT_NOT_OPEN
	HID_HELP_MESS
	AFX_HIDP_ARCH_WRITEONLY
	HID_OLE_EDIT_LINKS
	AFX_HIDP_SQL_MULTIPLE_ROWS_AFFECTED
	AFX_HIDD_COLOR
	HID_EDIT_PASTE_LINK
	HID_NEXT_PANE
	AFX_HIDP_DAO_ENGINE_INITIALIZATION
	AFX_HIDW_DOCKBAR_FLOAT
	HID_FILE_OPEN
	HID_FILE_SAVE
	AFX_HIDD_PRINT
	HID_SC_MINIMIZE
	AFX_HIDP_PARSE_BYTE
	AFX_HIDP_PARSE_UINT
	AFX_HIDP_ARCH_GENERIC
	HID_AVTOPILOT
	AFX_HIDP_SQL_SNAPSHOT_NOT_SUPPORTED
	HID_COMP_SKIDIVAET
	AFX_HIDD_PASTESPECIAL
	AFX_HIDP_FILE_GENERIC
	AFX_HIDP_FILE_INVALID_FILE
	HID_EDIT_CLEAR_ALL
	AFX_HIDP_ARCH_READONLY
	AFX_HIDP_SQL_RECORDSET_FORWARD_ONLY
	HID_OLE_INSERT_NEW
	HID_EDIT_CUT
	AFX_HIDP_SQL_DYNAMIC_CURSOR_NOT_SUPPORTED
	AFX_HIDP_DAO_COLUMNUNAVAILABLE
	HID_IGROK_SKIDIVAET
	AFX_HIDD_REPLACE
4	Topics
3	Jumps
0	Keywords
0	Bitmaps


Created e:\Programming\C++\MyProgramm\Kozel\hlp\Kozel.HLP, 9,012 bytes
Hall+Zeck compression decreased help file by 660 bytes.
Compile time: 0 minutes, 0 seconds
1 note, 4 warnings
